<?xml version="1.0" encoding="UTF-8"?>
<!-- Generated by org.testng.reporters.JUnitXMLReporter -->
<testsuite ignored="0" hostname="Umesh" failures="1" tests="1" name="Regression Tests" time="0.119" errors="0" timestamp="2026-05-15T16:44:01 IST">
  <testcase classname="tests.LoginTest" name="testValidLogin" time="0.025">
    <failure type="java.lang.NullPointerException" message="Cannot invoke &amp;quot;org.openqa.selenium.WebDriver.findElement(org.openqa.selenium.By)&amp;quot; because &amp;quot;this.driver&amp;quot; is null">
      <![CDATA[java.lang.NullPointerException: Cannot invoke "org.openqa.selenium.WebDriver.findElement(org.openqa.selenium.By)" because "this.driver" is null
at pages.LoginPage.enterUsername(LoginPage.java:24)
at tests.LoginTest.testValidLogin(LoginTest.java:15)
at java.base/java.util.ArrayList.forEach(ArrayList.java:1511)
... Removed 27 stack frames]]>
    </failure>
  </testcase> <!-- testValidLogin -->
</testsuite> <!-- Regression Tests -->
