<?xml version="1.0" encoding="UTF-8"?>
<testng-results ignored="0" total="1" passed="1" failed="0" skipped="0">
  <reporter-output>
  </reporter-output>
  <suite started-at="2026-05-16T00:34:23 IST" name="Default suite" finished-at="2026-05-16T00:34:35 IST" duration-ms="11749">
    <groups>
      <group name="smoke">
        <method signature="PracticeTestAutoTest.practiceLoginTest()[pri:0, instance:tests.PracticeTestAutoTest@765d7657]" name="practiceLoginTest" class="tests.PracticeTestAutoTest"/>
      </group> <!-- smoke -->
    </groups>
    <test started-at="2026-05-16T00:34:23 IST" name="Default test" finished-at="2026-05-16T00:34:35 IST" duration-ms="11749">
      <class name="tests.PracticeTestAutoTest">
        <test-method is-config="true" signature="setUp(java.lang.String)[pri:0, instance:tests.PracticeTestAutoTest@765d7657]" started-at="2026-05-16T00:34:23 IST" name="setUp" finished-at="2026-05-16T00:34:31 IST" duration-ms="7421" status="PASS">
          <params>
            <param index="0">
              <value>
                <![CDATA[qa]]>
              </value>
            </param>
          </params>
          <reporter-output>
          </reporter-output>
        </test-method> <!-- setUp -->
        <test-method signature="practiceLoginTest()[pri:0, instance:tests.PracticeTestAutoTest@765d7657]" started-at="2026-05-16T00:34:31 IST" name="practiceLoginTest" finished-at="2026-05-16T00:34:34 IST" duration-ms="3559" status="PASS">
          <reporter-output>
          </reporter-output>
        </test-method> <!-- practiceLoginTest -->
        <test-method is-config="true" signature="tearDown()[pri:0, instance:tests.PracticeTestAutoTest@765d7657]" started-at="2026-05-16T00:34:34 IST" name="tearDown" finished-at="2026-05-16T00:34:35 IST" duration-ms="665" status="PASS">
          <reporter-output>
          </reporter-output>
        </test-method> <!-- tearDown -->
      </class> <!-- tests.PracticeTestAutoTest -->
    </test> <!-- Default test -->
  </suite> <!-- Default suite -->
</testng-results>
