<?xml version="1.0" encoding="UTF-8"?>
<testng-results ignored="0" total="1" passed="1" failed="0" skipped="0">
  <reporter-output>
  </reporter-output>
  <suite started-at="2026-05-15T14:24:10 IST" name="Default suite" finished-at="2026-05-15T14:24:23 IST" duration-ms="12708">
    <groups>
    </groups>
    <test started-at="2026-05-15T14:24:10 IST" name="Default test" finished-at="2026-05-15T14:24:23 IST" duration-ms="12708">
      <class name="tests.DemoLoginTest">
        <test-method is-config="true" signature="setUp()[pri:0, instance:tests.DemoLoginTest@206a70ef]" started-at="2026-05-15T14:24:10 IST" name="setUp" finished-at="2026-05-15T14:24:16 IST" duration-ms="6146" status="PASS">
          <reporter-output>
          </reporter-output>
        </test-method> <!-- setUp -->
        <test-method signature="testValidLogin()[pri:0, instance:tests.DemoLoginTest@206a70ef]" started-at="2026-05-15T14:24:16 IST" name="testValidLogin" finished-at="2026-05-15T14:24:22 IST" duration-ms="5746" status="PASS">
          <reporter-output>
          </reporter-output>
        </test-method> <!-- testValidLogin -->
        <test-method is-config="true" signature="tearDown()[pri:0, instance:tests.DemoLoginTest@206a70ef]" started-at="2026-05-15T14:24:22 IST" name="tearDown" finished-at="2026-05-15T14:24:23 IST" duration-ms="713" status="PASS">
          <reporter-output>
          </reporter-output>
        </test-method> <!-- tearDown -->
      </class> <!-- tests.DemoLoginTest -->
    </test> <!-- Default test -->
  </suite> <!-- Default suite -->
</testng-results>
