<?xml version="1.0" encoding="UTF-8"?>
<!-- Generated by org.testng.reporters.JUnitXMLReporter -->
<testsuite ignored="0" hostname="Umesh" failures="1" tests="1" name="Smoke Tests(failed)" time="0.008" errors="0" timestamp="2026-05-15T16:12:38 IST">
  <testcase classname="tests.DemoLoginTest" name="testDemoLogin" time="0.002">
    <failure type="java.lang.NullPointerException" message="Cannot invoke &amp;quot;org.openqa.selenium.WebDriver.findElement(org.openqa.selenium.By)&amp;quot; because &amp;quot;this.driver&amp;quot; is null">
      <![CDATA[java.lang.NullPointerException: Cannot invoke "org.openqa.selenium.WebDriver.findElement(org.openqa.selenium.By)" because "this.driver" is null
at pages.DemoLoginPage.enterUsername(DemoLoginPage.java:23)
at tests.DemoLoginTest.testDemoLogin(DemoLoginTest.java:17)
at java.base/java.util.ArrayList.forEach(ArrayList.java:1511)
... Removed 27 stack frames]]>
    </failure>
  </testcase> <!-- testDemoLogin -->
</testsuite> <!-- Smoke Tests(failed) -->
